# JRE version: OpenJDK Runtime Environment (26.0+34) (build 26+34-2887)
# Java VM: OpenJDK 64-Bit Server VM (26+34-2887, mixed mode, emulated-client, sharing, tiered, compressed oops, compressed class ptrs, g1 gc, linux-amd64)
Heap:
 garbage-first heap   total reserved 3893248K, committed 276480K, used 74147K [0x0000000712600000, 0x0000000800000000)
  region size 2M, 21 eden (42M), 10 survivor (20M), 7 old (14M), 0 humongous (0M), 97 free (194M)
GC Heap Usage History (20 events):
Event: 2,096 {heap Before GC invocations=8 (full 0):
 garbage-first heap   total reserved 3893248K, committed 92160K, used 60672K [0x0000000712600000, 0x0000000800000000)
  region size 2M, 25 eden (50M), 2 survivor (4M), 4 old (8M), 0 humongous (0M), 14 free (28M)
}
Event: 2,108 {heap After GC invocations=9 (full 0):
 garbage-first heap   total reserved 3893248K, committed 92160K, used 11528K [0x0000000712600000, 0x0000000800000000)
  region size 2M, 0 eden (0M), 3 survivor (6M), 4 old (8M), 0 humongous (0M), 38 free (76M)
}
Event: 2,438 {heap Before GC invocations=9 (full 0):
 garbage-first heap   total reserved 3893248K, committed 92160K, used 60680K [0x0000000712600000, 0x0000000800000000)
  region size 2M, 24 eden (48M), 3 survivor (6M), 4 old (8M), 0 humongous (0M), 14 free (28M)
}
Event: 2,449 {heap After GC invocations=10 (full 0):
 garbage-first heap   total reserved 3893248K, committed 92160K, used 12703K [0x0000000712600000, 0x0000000800000000)
  region size 2M, 0 eden (0M), 3 survivor (6M), 5 old (10M), 0 humongous (0M), 37 free (74M)
}
Event: 2,514 {heap Before GC invocations=10 (full 0):
 garbage-first heap   total reserved 3893248K, committed 92160K, used 22943K [0x0000000712600000, 0x0000000800000000)
  region size 2M, 6 eden (12M), 3 survivor (6M), 5 old (10M), 0 humongous (0M), 31 free (62M)
}
Event: 2,522 {heap After GC invocations=11 (full 0):
 garbage-first heap   total reserved 3893248K, committed 276480K, used 12644K [0x0000000712600000, 0x0000000800000000)
  region size 2M, 0 eden (0M), 3 survivor (6M), 5 old (10M), 0 humongous (0M), 127 free (254M)
}
Event: 3,591 {heap Before GC invocations=12 (full 0):
 garbage-first heap   total reserved 3893248K, committed 276480K, used 172388K [0x0000000712600000, 0x0000000800000000)
  region size 2M, 78 eden (156M), 3 survivor (6M), 5 old (10M), 0 humongous (0M), 49 free (98M)
}
Event: 3,601 {heap After GC invocations=13 (full 0):
 garbage-first heap   total reserved 3893248K, committed 276480K, used 14407K [0x0000000712600000, 0x0000000800000000)
  region size 2M, 0 eden (0M), 4 survivor (8M), 5 old (10M), 0 humongous (0M), 126 free (252M)
}
Event: 4,462 {heap Before GC invocations=13 (full 0):
 garbage-first heap   total reserved 3893248K, committed 276480K, used 172103K [0x0000000712600000, 0x0000000800000000)
  region size 2M, 77 eden (154M), 4 survivor (8M), 5 old (10M), 0 humongous (0M), 49 free (98M)
}
Event: 4,473 {heap After GC invocations=14 (full 0):
 garbage-first heap   total reserved 3893248K, committed 276480K, used 16538K [0x0000000712600000, 0x0000000800000000)
  region size 2M, 0 eden (0M), 5 survivor (10M), 4 old (8M), 0 humongous (0M), 126 free (252M)
}
Event: 5,348 {heap Before GC invocations=14 (full 0):
 garbage-first heap   total reserved 3893248K, committed 276480K, used 172186K [0x0000000712600000, 0x0000000800000000)
  region size 2M, 76 eden (152M), 5 survivor (10M), 4 old (8M), 0 humongous (0M), 50 free (100M)
}
Event: 5,356 {heap After GC invocations=15 (full 0):
 garbage-first heap   total reserved 3893248K, committed 276480K, used 17758K [0x0000000712600000, 0x0000000800000000)
  region size 2M, 0 eden (0M), 5 survivor (10M), 4 old (8M), 0 humongous (0M), 126 free (252M)
}
Event: 6,234 {heap Before GC invocations=15 (full 0):
 garbage-first heap   total reserved 3893248K, committed 276480K, used 173406K [0x0000000712600000, 0x0000000800000000)
  region size 2M, 76 eden (152M), 5 survivor (10M), 4 old (8M), 0 humongous (0M), 50 free (100M)
}
Event: 6,242 {heap After GC invocations=16 (full 0):
 garbage-first heap   total reserved 3893248K, committed 276480K, used 19764K [0x0000000712600000, 0x0000000800000000)
  region size 2M, 0 eden (0M), 6 survivor (12M), 4 old (8M), 0 humongous (0M), 125 free (250M)
}
Event: 6,429 {heap Before GC invocations=16 (full 0):
 garbage-first heap   total reserved 3893248K, committed 276480K, used 42292K [0x0000000712600000, 0x0000000800000000)
  region size 2M, 12 eden (24M), 6 survivor (12M), 4 old (8M), 0 humongous (0M), 113 free (226M)
}
Event: 6,437 {heap After GC invocations=17 (full 0):
 garbage-first heap   total reserved 3893248K, committed 276480K, used 19991K [0x0000000712600000, 0x0000000800000000)
  region size 2M, 0 eden (0M), 6 survivor (12M), 4 old (8M), 0 humongous (0M), 125 free (250M)
}
Event: 24,020 {heap Before GC invocations=18 (full 0):
 garbage-first heap   total reserved 3893248K, committed 276480K, used 173591K [0x0000000712600000, 0x0000000800000000)
  region size 2M, 75 eden (150M), 6 survivor (12M), 4 old (8M), 0 humongous (0M), 50 free (100M)
}
Event: 24,030 {heap After GC invocations=19 (full 0):
 garbage-first heap   total reserved 3893248K, committed 276480K, used 23317K [0x0000000712600000, 0x0000000800000000)
  region size 2M, 0 eden (0M), 8 survivor (16M), 4 old (8M), 0 humongous (0M), 123 free (246M)
}
Event: 31,200 {heap Before GC invocations=19 (full 0):
 garbage-first heap   total reserved 3893248K, committed 276480K, used 170773K [0x0000000712600000, 0x0000000800000000)
  region size 2M, 73 eden (146M), 8 survivor (16M), 4 old (8M), 0 humongous (0M), 50 free (100M)
}
Event: 31,213 {heap After GC invocations=20 (full 0):
 garbage-first heap   total reserved 3893248K, committed 276480K, used 33187K [0x0000000712600000, 0x0000000800000000)
  region size 2M, 0 eden (0M), 10 survivor (20M), 7 old (14M), 0 humongous (0M), 118 free (236M)
}

